Flutter crash report; please file at https://github.com/flutter/flutter/issues.

## command

flutter run

## exception

RangeError: RangeError (index): Invalid value: Only valid value is 0: 1

```
#0      List.[] (dart:core-patch/dart:core/growable_array.dart:141)
#1      readDepfile (package:flutter_tools/src/base/fingerprint.dart:174)
<asynchronous suspension>
#2      Fingerprinter._getPaths (package:flutter_tools/src/base/fingerprint.dart:88)
<asynchronous suspension>
#3      Fingerprinter.doesFingerprintMatch (package:flutter_tools/src/base/fingerprint.dart:60)
<asynchronous suspension>
#4      KernelCompiler.compile (package:flutter_tools/src/compile.dart:104)
<asynchronous suspension>
#5      build (package:flutter_tools/src/bundle.dart:79)
<asynchronous suspension>
#6      IOSSimulator._sideloadUpdatedAssetsForInstalledApplicationBundle (package:flutter_tools/src/ios/simulators.dart:394)
#7      IOSSimulator._setupUpdatedApplicationBundle (package:flutter_tools/src/ios/simulators.dart:354)
<asynchronous suspension>
#8      IOSSimulator.startApp (package:flutter_tools/src/ios/simulators.dart:286)
<asynchronous suspension>
#9      FlutterDevice.runHot (package:flutter_tools/src/resident_runner.dart:289)
<asynchronous suspension>
#10     HotRunner.run (package:flutter_tools/src/run_hot.dart:216)
<asynchronous suspension>
#11     RunCommand.runCommand (package:flutter_tools/src/commands/run.dart:395)
<asynchronous suspension>
#12     FlutterCommand.verifyThenRunCommand (package:flutter_tools/src/runner/flutter_command.dart:344)
<asynchronous suspension>
#13     FlutterCommand.run.<anonymous closure> (package:flutter_tools/src/runner/flutter_command.dart:279)
<asynchronous suspension>
#14     AppContext.run.<anonymous closure> (package:flutter_tools/src/base/context.dart:142)
<asynchronous suspension>
#15     _rootRun (dart:async/zone.dart:1126)
#16     _CustomZone.run (dart:async/zone.dart:1023)
#17     runZoned (dart:async/zone.dart:1501)
#18     AppContext.run (package:flutter_tools/src/base/context.dart:141)
<asynchronous suspension>
#19     FlutterCommand.run (package:flutter_tools/src/runner/flutter_command.dart:270)
#20     CommandRunner.runCommand (package:args/command_runner.dart:194)
<asynchronous suspension>
#21     FlutterCommandRunner.runCommand.<anonymous closure> (package:flutter_tools/src/runner/flutter_command_runner.dart:309)
<asynchronous suspension>
#22     AppContext.run.<anonymous closure> (package:flutter_tools/src/base/context.dart:142)
<asynchronous suspension>
#23     _rootRun (dart:async/zone.dart:1126)
#24     _CustomZone.run (dart:async/zone.dart:1023)
#25     runZoned (dart:async/zone.dart:1501)
#26     AppContext.run (package:flutter_tools/src/base/context.dart:141)
<asynchronous suspension>
#27     FlutterCommandRunner.runCommand (package:flutter_tools/src/runner/flutter_command_runner.dart:265)
<asynchronous suspension>
#28     CommandRunner.run.<anonymous closure> (package:args/command_runner.dart:109)
#29     new Future.sync (dart:async/future.dart:222)
#30     CommandRunner.run (package:args/command_runner.dart:109)
#31     FlutterCommandRunner.run (package:flutter_tools/src/runner/flutter_command_runner.dart:174)
#32     run.<anonymous closure> (package:flutter_tools/runner.dart:59)
<asynchronous suspension>
#33     AppContext.run.<anonymous closure> (package:flutter_tools/src/base/context.dart:142)
<asynchronous suspension>
#34     _rootRun (dart:async/zone.dart:1126)
#35     _CustomZone.run (dart:async/zone.dart:1023)
#36     runZoned (dart:async/zone.dart:1501)
#37     AppContext.run (package:flutter_tools/src/base/context.dart:141)
<asynchronous suspension>
#38     runInContext (package:flutter_tools/src/context_runner.dart:43)
<asynchronous suspension>
#39     run (package:flutter_tools/runner.dart:50)
#40     main (package:flutter_tools/executable.dart:49)
<asynchronous suspension>
#41     main (file:///Users/kamil/development/flutter/packages/flutter_tools/bin/flutter_tools.dart:8)
#42     _startIsolate.<anonymous closure> (dart:isolate-patch/dart:isolate/isolate_patch.dart:277)
#43     _RawReceivePortImpl._handleMessage (dart:isolate-patch/dart:isolate/isolate_patch.dart:165)
```

## flutter doctor

```
[✓] Flutter (Channel beta, v0.5.1, on Mac OS X 10.13.5 17F77, locale en-GB)
    • Flutter version 0.5.1 at /Users/kamil/development/flutter
    • Framework revision c7ea3ca377 (9 weeks ago), 2018-05-29 21:07:33 +0200
    • Engine revision 1ed25ca7b7
    • Dart version 2.0.0-dev.58.0.flutter-f981f09760

[✗] Android toolchain - develop for Android devices
    ✗ Unable to locate Android SDK.
      Install Android Studio from: https://developer.android.com/studio/index.html
      On first launch it will assist you in installing the Android SDK components.
      (or visit https://flutter.io/setup/#android-setup for detailed instructions).
      If Android SDK has been installed to a custom location, set $ANDROID_HOME to that location.

[✓] iOS toolchain - develop for iOS devices (Xcode 9.4.1)
    • Xcode at /Applications/Xcode.app/Contents/Developer
    • Xcode 9.4.1, Build version 9F2000
    • ios-deploy 1.9.2
    • CocoaPods version 1.5.3

[✗] Android Studio (not installed)
    • Android Studio not found; download from https://developer.android.com/studio/index.html
      (or visit https://flutter.io/setup/#android-setup for detailed instructions).

[!] VS Code (version 1.25.1)
    • VS Code at /Applications/Visual Studio Code.app/Contents
    • Flutter extension not installed; install from
      https://marketplace.visualstudio.com/items?itemName=Dart-Code.flutter

[✓] Connected devices (1 available)
    • iPhone 6s • 3C326187-4D38-4CFB-8505-CDA4839CBABF • ios • iOS 11.4 (simulator)

! Doctor found issues in 3 categories.
```
